<?xml version="1.0" encoding="UTF-8"?>
<testng-results ignored="0" total="4" passed="4" failed="0" skipped="0">
  <reporter-output>
  </reporter-output>
  <suite started-at="2026-09-08T11:05:15 CDT" name="Automation Practice - POM" finished-at="2026-09-08T11:05:32 CDT" duration-ms="17259">
    <groups>
    </groups>
    <test started-at="2026-09-08T11:05:15 CDT" name="Recorrido completo" finished-at="2026-09-08T11:05:32 CDT" duration-ms="17259">
      <class name="tests.AutomationPracticeTest">
        <test-method is-config="true" signature="setUp()[pri:0, instance:tests.AutomationPracticeTest@29176cc1]" started-at="2026-09-08T11:05:15 CDT" name="setUp" finished-at="2026-09-08T11:05:18 CDT" duration-ms="3406" status="PASS">
          <reporter-output>
          </reporter-output>
        </test-method> <!-- setUp -->
        <test-method signature="shouldCompleteFormAndControls()[pri:1, instance:tests.AutomationPracticeTest@29176cc1]" started-at="2026-09-08T11:05:18 CDT" name="shouldCompleteFormAndControls" finished-at="2026-09-08T11:05:20 CDT" duration-ms="2046" status="PASS">
          <reporter-output>
          </reporter-output>
        </test-method> <!-- shouldCompleteFormAndControls -->
        <test-method is-config="true" signature="tearDown()[pri:0, instance:tests.AutomationPracticeTest@29176cc1]" started-at="2026-09-08T11:05:20 CDT" name="tearDown" finished-at="2026-09-08T11:05:20 CDT" duration-ms="97" status="PASS">
          <reporter-output>
          </reporter-output>
        </test-method> <!-- tearDown -->
        <test-method is-config="true" signature="setUp()[pri:0, instance:tests.AutomationPracticeTest@29176cc1]" started-at="2026-09-08T11:05:20 CDT" name="setUp" finished-at="2026-09-08T11:05:23 CDT" duration-ms="2309" status="PASS">
          <reporter-output>
          </reporter-output>
        </test-method> <!-- setUp -->
        <test-method signature="shouldInteractWithProductTable()[pri:2, instance:tests.AutomationPracticeTest@29176cc1]" started-at="2026-09-08T11:05:23 CDT" name="shouldInteractWithProductTable" finished-at="2026-09-08T11:05:23 CDT" duration-ms="197" status="PASS">
          <reporter-output>
          </reporter-output>
        </test-method> <!-- shouldInteractWithProductTable -->
        <test-method is-config="true" signature="tearDown()[pri:0, instance:tests.AutomationPracticeTest@29176cc1]" started-at="2026-09-08T11:05:23 CDT" name="tearDown" finished-at="2026-09-08T11:05:23 CDT" duration-ms="92" status="PASS">
          <reporter-output>
          </reporter-output>
        </test-method> <!-- tearDown -->
        <test-method is-config="true" signature="setUp()[pri:0, instance:tests.AutomationPracticeTest@29176cc1]" started-at="2026-09-08T11:05:23 CDT" name="setUp" finished-at="2026-09-08T11:05:25 CDT" duration-ms="2398" status="PASS">
          <reporter-output>
          </reporter-output>
        </test-method> <!-- setUp -->
        <test-method signature="shouldHandleAlerts()[pri:3, instance:tests.AutomationPracticeTest@29176cc1]" started-at="2026-09-08T11:05:25 CDT" name="shouldHandleAlerts" finished-at="2026-09-08T11:05:26 CDT" duration-ms="619" status="PASS">
          <reporter-output>
          </reporter-output>
        </test-method> <!-- shouldHandleAlerts -->
        <test-method is-config="true" signature="tearDown()[pri:0, instance:tests.AutomationPracticeTest@29176cc1]" started-at="2026-09-08T11:05:26 CDT" name="tearDown" finished-at="2026-09-08T11:05:26 CDT" duration-ms="74" status="PASS">
          <reporter-output>
          </reporter-output>
        </test-method> <!-- tearDown -->
        <test-method is-config="true" signature="setUp()[pri:0, instance:tests.AutomationPracticeTest@29176cc1]" started-at="2026-09-08T11:05:26 CDT" name="setUp" finished-at="2026-09-08T11:05:28 CDT" duration-ms="2255" status="PASS">
          <reporter-output>
          </reporter-output>
        </test-method> <!-- setUp -->
        <test-method signature="shouldPerformAdvancedActions()[pri:4, instance:tests.AutomationPracticeTest@29176cc1]" started-at="2026-09-08T11:05:28 CDT" name="shouldPerformAdvancedActions" finished-at="2026-09-08T11:05:32 CDT" duration-ms="3604" status="PASS">
          <reporter-output>
          </reporter-output>
        </test-method> <!-- shouldPerformAdvancedActions -->
        <test-method is-config="true" signature="tearDown()[pri:0, instance:tests.AutomationPracticeTest@29176cc1]" started-at="2026-09-08T11:05:32 CDT" name="tearDown" finished-at="2026-09-08T11:05:32 CDT" duration-ms="105" status="PASS">
          <reporter-output>
          </reporter-output>
        </test-method> <!-- tearDown -->
      </class> <!-- tests.AutomationPracticeTest -->
    </test> <!-- Recorrido completo -->
  </suite> <!-- Automation Practice - POM -->
</testng-results>
