<?xml version="1.0" encoding="UTF-8"?>
<testng-results ignored="0" total="1" passed="1" failed="0" skipped="0">
  <reporter-output>
  </reporter-output>
  <suite started-at="2026-09-08T13:04:26 CDT" name="Surefire suite" finished-at="2026-09-08T13:04:33 CDT" duration-ms="6989">
    <groups>
    </groups>
    <test started-at="2026-09-08T13:04:26 CDT" name="Surefire test" finished-at="2026-09-08T13:04:33 CDT" duration-ms="6989">
      <class name="tests.DumpSantanderTest">
        <test-method signature="dumpPage()[pri:0, instance:tests.DumpSantanderTest@176d53b2]" started-at="2026-09-08T13:04:26 CDT" name="dumpPage" finished-at="2026-09-08T13:04:33 CDT" duration-ms="6922" status="PASS">
          <reporter-output>
          </reporter-output>
        </test-method> <!-- dumpPage -->
      </class> <!-- tests.DumpSantanderTest -->
    </test> <!-- Surefire test -->
  </suite> <!-- Surefire suite -->
</testng-results>
