<?xml version="1.0" encoding="UTF-8"?>
<!-- Generated by org.testng.reporters.JUnitXMLReporter -->
<testsuite ignored="0" hostname="fedora" failures="0" tests="4" name="Recorrido completo" time="17.259" errors="0" timestamp="2026-09-08T11:05:32 CDT">
  <testcase classname="tests.AutomationPracticeTest" name="shouldCompleteFormAndControls" time="2.046"/>
  <testcase classname="tests.AutomationPracticeTest" name="shouldInteractWithProductTable" time="0.197"/>
  <testcase classname="tests.AutomationPracticeTest" name="shouldHandleAlerts" time="0.619"/>
  <testcase classname="tests.AutomationPracticeTest" name="shouldPerformAdvancedActions" time="3.604"/>
</testsuite> <!-- Recorrido completo -->
