<?xml version="1.0" encoding="UTF-8"?>
<!-- Generated by org.testng.reporters.JUnitReportReporter -->
<testsuite hostname="fedora" failures="0" tests="4" name="tests.AutomationPracticeTest" time="17.202" errors="0" timestamp="2026-09-08T11:05:32 CDT" skipped="0">
  <testcase classname="tests.AutomationPracticeTest" name="shouldCompleteFormAndControls" time="5.526"/>
  <testcase classname="tests.AutomationPracticeTest" name="shouldInteractWithProductTable" time="2.598"/>
  <testcase classname="tests.AutomationPracticeTest" name="shouldHandleAlerts" time="2.979"/>
  <testcase classname="tests.AutomationPracticeTest" name="shouldPerformAdvancedActions" time="6.099"/>
</testsuite> <!-- tests.AutomationPracticeTest -->
